# JRE version: Java(TM) SE Runtime Environment (8.0_144-b01) (build 1.8.0_144-b01)
# Java VM: Java HotSpot(TM) 64-Bit Server VM (25.144-b01 mixed mode windows-amd64 compressed oops)
Heap:
 PSYoungGen      total 24064K, used 12475K [0x00000000d5c00000, 0x00000000d7600000, 0x0000000100000000)
  eden space 21504K, 52% used [0x00000000d5c00000,0x00000000d66f6fd8,0x00000000d7100000)
  from space 2560K, 48% used [0x00000000d7100000,0x00000000d7238000,0x00000000d7380000)
  to   space 2560K, 0% used [0x00000000d7380000,0x00000000d7380000,0x00000000d7600000)
 ParOldGen       total 87552K, used 31101K [0x0000000081400000, 0x0000000086980000, 0x00000000d5c00000)
  object space 87552K, 35% used [0x0000000081400000,0x000000008325f510,0x0000000086980000)
 Metaspace       used 10769K, capacity 11114K, committed 11264K, reserved 1058816K
  class space    used 1054K, capacity 1165K, committed 1280K, reserved 1048576K
GC Heap History (10 events):
Event: 116.083 GC heap before
{Heap before GC invocations=233 (full 0):
 PSYoungGen      total 24576K, used 22752K [0x00000000d5c00000, 0x00000000d7700000, 0x0000000100000000)
  eden space 21504K, 100% used [0x00000000d5c00000,0x00000000d7100000,0x00000000d7100000)
  from space 3072K, 40% used [0x00000000d7400000,0x00000000d7538000,0x00000000d7700000)
  to   space 3072K, 0% used [0x00000000d7100000,0x00000000d7100000,0x00000000d7400000)
 ParOldGen       total 87552K, used 30605K [0x0000000081400000, 0x0000000086980000, 0x00000000d5c00000)
  object space 87552K, 34% used [0x0000000081400000,0x00000000831e3510,0x0000000086980000)
 Metaspace       used 9623K, capacity 9848K, committed 9984K, reserved 1058816K
  class space    used 926K, capacity 1022K, committed 1024K, reserved 1048576K
Event: 116.086 GC heap after
Heap after GC invocations=233 (full 0):
 PSYoungGen      total 23040K, used 1248K [0x00000000d5c00000, 0x00000000d7600000, 0x0000000100000000)
  eden space 21504K, 0% used [0x00000000d5c00000,0x00000000d5c00000,0x00000000d7100000)
  from space 1536K, 81% used [0x00000000d7100000,0x00000000d7238000,0x00000000d7280000)
  to   space 2560K, 0% used [0x00000000d7380000,0x00000000d7380000,0x00000000d7600000)
 ParOldGen       total 87552K, used 30781K [0x0000000081400000, 0x0000000086980000, 0x00000000d5c00000)
  object space 87552K, 35% used [0x0000000081400000,0x000000008320f510,0x0000000086980000)
 Metaspace       used 9623K, capacity 9848K, committed 9984K, reserved 1058816K
  class space    used 926K, capacity 1022K, committed 1024K, reserved 1048576K
}
Event: 116.536 GC heap before
{Heap before GC invocations=234 (full 0):
 PSYoungGen      total 23040K, used 22752K [0x00000000d5c00000, 0x00000000d7600000, 0x0000000100000000)
  eden space 21504K, 100% used [0x00000000d5c00000,0x00000000d7100000,0x00000000d7100000)
  from space 1536K, 81% used [0x00000000d7100000,0x00000000d7238000,0x00000000d7280000)
  to   space 2560K, 0% used [0x00000000d7380000,0x00000000d7380000,0x00000000d7600000)
 ParOldGen       total 87552K, used 30781K [0x0000000081400000, 0x0000000086980000, 0x00000000d5c00000)
  object space 87552K, 35% used [0x0000000081400000,0x000000008320f510,0x0000000086980000)
 Metaspace       used 9625K, capacity 9848K, committed 9984K, reserved 1058816K
  class space    used 926K, capacity 1022K, committed 1024K, reserved 1048576K
Event: 116.538 GC heap after
Heap after GC invocations=234 (full 0):
 PSYoungGen      total 24064K, used 1280K [0x00000000d5c00000, 0x00000000d7600000, 0x0000000100000000)
  eden space 21504K, 0% used [0x00000000d5c00000,0x00000000d5c00000,0x00000000d7100000)
  from space 2560K, 50% used [0x00000000d7380000,0x00000000d74c0000,0x00000000d7600000)
  to   space 2560K, 0% used [0x00000000d7100000,0x00000000d7100000,0x00000000d7380000)
 ParOldGen       total 87552K, used 30813K [0x0000000081400000, 0x0000000086980000, 0x00000000d5c00000)
  object space 87552K, 35% used [0x0000000081400000,0x0000000083217510,0x0000000086980000)
 Metaspace       used 9625K, capacity 9848K, committed 9984K, reserved 1058816K
  class space    used 926K, capacity 1022K, committed 1024K, reserved 1048576K
}
Event: 116.993 GC heap before
{Heap before GC invocations=235 (full 0):
 PSYoungGen      total 24064K, used 22784K [0x00000000d5c00000, 0x00000000d7600000, 0x0000000100000000)
  eden space 21504K, 100% used [0x00000000d5c00000,0x00000000d7100000,0x00000000d7100000)
  from space 2560K, 50% used [0x00000000d7380000,0x00000000d74c0000,0x00000000d7600000)
  to   space 2560K, 0% used [0x00000000d7100000,0x00000000d7100000,0x00000000d7380000)
 ParOldGen       total 87552K, used 30813K [0x0000000081400000, 0x0000000086980000, 0x00000000d5c00000)
  object space 87552K, 35% used [0x0000000081400000,0x0000000083217510,0x0000000086980000)
 Metaspace       used 9625K, capacity 9848K, committed 9984K, reserved 1058816K
  class space    used 926K, capacity 1022K, committed 1024K, reserved 1048576K
Event: 116.995 GC heap after
Heap after GC invocations=235 (full 0):
 PSYoungGen      total 24064K, used 1280K [0x00000000d5c00000, 0x00000000d7600000, 0x0000000100000000)
  eden space 21504K, 0% used [0x00000000d5c00000,0x00000000d5c00000,0x00000000d7100000)
  from space 2560K, 50% used [0x00000000d7100000,0x00000000d7240000,0x00000000d7380000)
  to   space 2560K, 0% used [0x00000000d7380000,0x00000000d7380000,0x00000000d7600000)
 ParOldGen       total 87552K, used 30837K [0x0000000081400000, 0x0000000086980000, 0x00000000d5c00000)
  object space 87552K, 35% used [0x0000000081400000,0x000000008321d510,0x0000000086980000)
 Metaspace       used 9625K, capacity 9848K, committed 9984K, reserved 1058816K
  class space    used 926K, capacity 1022K, committed 1024K, reserved 1048576K
}
Event: 117.457 GC heap before
{Heap before GC invocations=236 (full 0):
 PSYoungGen      total 24064K, used 22784K [0x00000000d5c00000, 0x00000000d7600000, 0x0000000100000000)
  eden space 21504K, 100% used [0x00000000d5c00000,0x00000000d7100000,0x00000000d7100000)
  from space 2560K, 50% used [0x00000000d7100000,0x00000000d7240000,0x00000000d7380000)
  to   space 2560K, 0% used [0x00000000d7380000,0x00000000d7380000,0x00000000d7600000)
 ParOldGen       total 87552K, used 30837K [0x0000000081400000, 0x0000000086980000, 0x00000000d5c00000)
  object space 87552K, 35% used [0x0000000081400000,0x000000008321d510,0x0000000086980000)
 Metaspace       used 10741K, capacity 11050K, committed 11264K, reserved 1058816K
  class space    used 1052K, capacity 1165K, committed 1280K, reserved 1048576K
Event: 117.460 GC heap after
Heap after GC invocations=236 (full 0):
 PSYoungGen      total 24064K, used 1376K [0x00000000d5c00000, 0x00000000d7600000, 0x0000000100000000)
  eden space 21504K, 0% used [0x00000000d5c00000,0x00000000d5c00000,0x00000000d7100000)
  from space 2560K, 53% used [0x00000000d7380000,0x00000000d74d8000,0x00000000d7600000)
  to   space 2560K, 0% used [0x00000000d7100000,0x00000000d7100000,0x00000000d7380000)
 ParOldGen       total 87552K, used 30861K [0x0000000081400000, 0x0000000086980000, 0x00000000d5c00000)
  object space 87552K, 35% used [0x0000000081400000,0x0000000083223510,0x0000000086980000)
 Metaspace       used 10741K, capacity 11050K, committed 11264K, reserved 1058816K
  class space    used 1052K, capacity 1165K, committed 1280K, reserved 1048576K
}
Event: 117.915 GC heap before
{Heap before GC invocations=237 (full 0):
 PSYoungGen      total 24064K, used 22880K [0x00000000d5c00000, 0x00000000d7600000, 0x0000000100000000)
  eden space 21504K, 100% used [0x00000000d5c00000,0x00000000d7100000,0x00000000d7100000)
  from space 2560K, 53% used [0x00000000d7380000,0x00000000d74d8000,0x00000000d7600000)
  to   space 2560K, 0% used [0x00000000d7100000,0x00000000d7100000,0x00000000d7380000)
 ParOldGen       total 87552K, used 30861K [0x0000000081400000, 0x0000000086980000, 0x00000000d5c00000)
  object space 87552K, 35% used [0x0000000081400000,0x0000000083223510,0x0000000086980000)
 Metaspace       used 10742K, capacity 11050K, committed 11264K, reserved 1058816K
  class space    used 1052K, capacity 1165K, committed 1280K, reserved 1048576K
Event: 117.918 GC heap after
Heap after GC invocations=237 (full 0):
 PSYoungGen      total 24064K, used 1248K [0x00000000d5c00000, 0x00000000d7600000, 0x0000000100000000)
  eden space 21504K, 0% used [0x00000000d5c00000,0x00000000d5c00000,0x00000000d7100000)
  from space 2560K, 48% used [0x00000000d7100000,0x00000000d7238000,0x00000000d7380000)
  to   space 2560K, 0% used [0x00000000d7380000,0x00000000d7380000,0x00000000d7600000)
 ParOldGen       total 87552K, used 31101K [0x0000000081400000, 0x0000000086980000, 0x00000000d5c00000)
  object space 87552K, 35% used [0x0000000081400000,0x000000008325f510,0x0000000086980000)
 Metaspace       used 10742K, capacity 11050K, committed 11264K, reserved 1058816K
  class space    used 1052K, capacity 1165K, committed 1280K, reserved 1048576K
}

