# JRE version: Java(TM) SE Runtime Environment (8.0_144-b01) (build 1.8.0_144-b01)
# Java VM: Java HotSpot(TM) 64-Bit Server VM (25.144-b01 mixed mode windows-amd64 compressed oops)
Heap:
 PSYoungGen      total 29696K, used 14565K [0x00000000d5c00000, 0x00000000d9180000, 0x0000000100000000)
  eden space 18432K, 17% used [0x00000000d5c00000,0x00000000d5f398d0,0x00000000d6e00000)
  from space 11264K, 99% used [0x00000000d7d80000,0x00000000d887fb58,0x00000000d8880000)
  to   space 15872K, 0% used [0x00000000d6e00000,0x00000000d6e00000,0x00000000d7d80000)
 ParOldGen       total 78336K, used 43399K [0x0000000081400000, 0x0000000086080000, 0x00000000d5c00000)
  object space 78336K, 55% used [0x0000000081400000,0x0000000083e61f80,0x0000000086080000)
 Metaspace       used 10608K, capacity 10934K, committed 11136K, reserved 1058816K
  class space    used 1019K, capacity 1129K, committed 1152K, reserved 1048576K
GC Heap History (10 events):
Event: 552.780 GC heap before
{Heap before GC invocations=893 (full 0):
 PSYoungGen      total 24064K, used 23840K [0x00000000d5c00000, 0x00000000d7500000, 0x0000000100000000)
  eden space 22528K, 100% used [0x00000000d5c00000,0x00000000d7200000,0x00000000d7200000)
  from space 1536K, 85% used [0x00000000d7380000,0x00000000d74c8000,0x00000000d7500000)
  to   space 1536K, 0% used [0x00000000d7200000,0x00000000d7200000,0x00000000d7380000)
 ParOldGen       total 87552K, used 57379K [0x0000000081400000, 0x0000000086980000, 0x00000000d5c00000)
  object space 87552K, 65% used [0x0000000081400000,0x0000000084c08e30,0x0000000086980000)
 Metaspace       used 10585K, capacity 10870K, committed 11136K, reserved 1058816K
  class space    used 1018K, capacity 1129K, committed 1152K, reserved 1048576K
Event: 552.783 GC heap after
Heap after GC invocations=893 (full 0):
 PSYoungGen      total 24064K, used 1312K [0x00000000d5c00000, 0x00000000d7500000, 0x0000000100000000)
  eden space 22528K, 0% used [0x00000000d5c00000,0x00000000d5c00000,0x00000000d7200000)
  from space 1536K, 85% used [0x00000000d7200000,0x00000000d7348000,0x00000000d7380000)
  to   space 1536K, 0% used [0x00000000d7380000,0x00000000d7380000,0x00000000d7500000)
 ParOldGen       total 87552K, used 57395K [0x0000000081400000, 0x0000000086980000, 0x00000000d5c00000)
  object space 87552K, 65% used [0x0000000081400000,0x0000000084c0ce30,0x0000000086980000)
 Metaspace       used 10585K, capacity 10870K, committed 11136K, reserved 1058816K
  class space    used 1018K, capacity 1129K, committed 1152K, reserved 1048576K
}
Event: 553.038 GC heap before
{Heap before GC invocations=894 (full 0):
 PSYoungGen      total 24064K, used 23840K [0x00000000d5c00000, 0x00000000d7500000, 0x0000000100000000)
  eden space 22528K, 100% used [0x00000000d5c00000,0x00000000d7200000,0x00000000d7200000)
  from space 1536K, 85% used [0x00000000d7200000,0x00000000d7348000,0x00000000d7380000)
  to   space 1536K, 0% used [0x00000000d7380000,0x00000000d7380000,0x00000000d7500000)
 ParOldGen       total 87552K, used 57395K [0x0000000081400000, 0x0000000086980000, 0x00000000d5c00000)
  object space 87552K, 65% used [0x0000000081400000,0x0000000084c0ce30,0x0000000086980000)
 Metaspace       used 10588K, capacity 10870K, committed 11136K, reserved 1058816K
  class space    used 1018K, capacity 1129K, committed 1152K, reserved 1048576K
Event: 553.044 GC heap after
Heap after GC invocations=894 (full 0):
 PSYoungGen      total 20480K, used 1509K [0x00000000d5c00000, 0x00000000d8080000, 0x0000000100000000)
  eden space 18944K, 0% used [0x00000000d5c00000,0x00000000d5c00000,0x00000000d6e80000)
  from space 1536K, 98% used [0x00000000d7380000,0x00000000d74f97b0,0x00000000d7500000)
  to   space 5120K, 0% used [0x00000000d6e80000,0x00000000d6e80000,0x00000000d7380000)
 ParOldGen       total 87552K, used 67083K [0x0000000081400000, 0x0000000086980000, 0x00000000d5c00000)
  object space 87552K, 76% used [0x0000000081400000,0x0000000085582e30,0x0000000086980000)
 Metaspace       used 10588K, capacity 10870K, committed 11136K, reserved 1058816K
  class space    used 1018K, capacity 1129K, committed 1152K, reserved 1048576K
}
Event: 553.072 GC heap before
{Heap before GC invocations=895 (full 0):
 PSYoungGen      total 20480K, used 20453K [0x00000000d5c00000, 0x00000000d8080000, 0x0000000100000000)
  eden space 18944K, 100% used [0x00000000d5c00000,0x00000000d6e80000,0x00000000d6e80000)
  from space 1536K, 98% used [0x00000000d7380000,0x00000000d74f97b0,0x00000000d7500000)
  to   space 5120K, 0% used [0x00000000d6e80000,0x00000000d6e80000,0x00000000d7380000)
 ParOldGen       total 87552K, used 67083K [0x0000000081400000, 0x0000000086980000, 0x00000000d5c00000)
  object space 87552K, 76% used [0x0000000081400000,0x0000000085582e30,0x0000000086980000)
 Metaspace       used 10588K, capacity 10870K, committed 11136K, reserved 1058816K
  class space    used 1018K, capacity 1129K, committed 1152K, reserved 1048576K
Event: 553.083 GC heap after
Heap after GC invocations=895 (full 0):
 PSYoungGen      total 24064K, used 5097K [0x00000000d5c00000, 0x00000000d8880000, 0x0000000100000000)
  eden space 18944K, 0% used [0x00000000d5c00000,0x00000000d5c00000,0x00000000d6e80000)
  from space 5120K, 99% used [0x00000000d6e80000,0x00000000d737a798,0x00000000d7380000)
  to   space 11264K, 0% used [0x00000000d7d80000,0x00000000d7d80000,0x00000000d8880000)
 ParOldGen       total 87552K, used 81051K [0x0000000081400000, 0x0000000086980000, 0x00000000d5c00000)
  object space 87552K, 92% used [0x0000000081400000,0x0000000086326e60,0x0000000086980000)
 Metaspace       used 10588K, capacity 10870K, committed 11136K, reserved 1058816K
  class space    used 1018K, capacity 1129K, committed 1152K, reserved 1048576K
}
Event: 553.083 GC heap before
{Heap before GC invocations=896 (full 1):
 PSYoungGen      total 24064K, used 5097K [0x00000000d5c00000, 0x00000000d8880000, 0x0000000100000000)
  eden space 18944K, 0% used [0x00000000d5c00000,0x00000000d5c00000,0x00000000d6e80000)
  from space 5120K, 99% used [0x00000000d6e80000,0x00000000d737a798,0x00000000d7380000)
  to   space 11264K, 0% used [0x00000000d7d80000,0x00000000d7d80000,0x00000000d8880000)
 ParOldGen       total 87552K, used 81051K [0x0000000081400000, 0x0000000086980000, 0x00000000d5c00000)
  object space 87552K, 92% used [0x0000000081400000,0x0000000086326e60,0x0000000086980000)
 Metaspace       used 10588K, capacity 10870K, committed 11136K, reserved 1058816K
  class space    used 1018K, capacity 1129K, committed 1152K, reserved 1048576K
Event: 553.190 GC heap after
Heap after GC invocations=896 (full 1):
 PSYoungGen      total 24064K, used 0K [0x00000000d5c00000, 0x00000000d8880000, 0x0000000100000000)
  eden space 18944K, 0% used [0x00000000d5c00000,0x00000000d5c00000,0x00000000d6e80000)
  from space 5120K, 0% used [0x00000000d6e80000,0x00000000d6e80000,0x00000000d7380000)
  to   space 11264K, 0% used [0x00000000d7d80000,0x00000000d7d80000,0x00000000d8880000)
 ParOldGen       total 78336K, used 35983K [0x0000000081400000, 0x0000000086080000, 0x00000000d5c00000)
  object space 78336K, 45% used [0x0000000081400000,0x0000000083723f80,0x0000000086080000)
 Metaspace       used 10588K, capacity 10870K, committed 11136K, reserved 1058816K
  class space    used 1018K, capacity 1129K, committed 1152K, reserved 1048576K
}
Event: 553.215 GC heap before
{Heap before GC invocations=897 (full 1):
 PSYoungGen      total 24064K, used 18944K [0x00000000d5c00000, 0x00000000d8880000, 0x0000000100000000)
  eden space 18944K, 100% used [0x00000000d5c00000,0x00000000d6e80000,0x00000000d6e80000)
  from space 5120K, 0% used [0x00000000d6e80000,0x00000000d6e80000,0x00000000d7380000)
  to   space 11264K, 0% used [0x00000000d7d80000,0x00000000d7d80000,0x00000000d8880000)
 ParOldGen       total 78336K, used 35983K [0x0000000081400000, 0x0000000086080000, 0x00000000d5c00000)
  object space 78336K, 45% used [0x0000000081400000,0x0000000083723f80,0x0000000086080000)
 Metaspace       used 10588K, capacity 10870K, committed 11136K, reserved 1058816K
  class space    used 1018K, capacity 1129K, committed 1152K, reserved 1048576K
Event: 553.226 GC heap after
Heap after GC invocations=897 (full 1):
 PSYoungGen      total 29696K, used 11262K [0x00000000d5c00000, 0x00000000d9180000, 0x0000000100000000)
  eden space 18432K, 0% used [0x00000000d5c00000,0x00000000d5c00000,0x00000000d6e00000)
  from space 11264K, 99% used [0x00000000d7d80000,0x00000000d887fb58,0x00000000d8880000)
  to   space 15872K, 0% used [0x00000000d6e00000,0x00000000d6e00000,0x00000000d7d80000)
 ParOldGen       total 78336K, used 43399K [0x0000000081400000, 0x0000000086080000, 0x00000000d5c00000)
  object space 78336K, 55% used [0x0000000081400000,0x0000000083e61f80,0x0000000086080000)
 Metaspace       used 10588K, capacity 10870K, committed 11136K, reserved 1058816K
  class space    used 1018K, capacity 1129K, committed 1152K, reserved 1048576K
}

